C51 COMPILER V9.54   DS1302                                                                10/21/2023 18:36:29 PAGE 1   


C51 COMPILER V9.54, COMPILATION OF MODULE DS1302
OBJECT MODULE PLACED IN .\Objects\DS1302.obj
COMPILER INVOKED BY: D:\Keil\C51\BIN\C51.EXE DS1302.c OPTIMIZE(8,SPEED) BROWSE DEBUG OBJECTEXTEND PRINT(.\Listings\DS130
                    -2.lst) OBJECT(.\Objects\DS1302.obj)

line level    source

   1          #include <REGX52.H>
   2          
   3          sbit DS1302_SCLK = P3^6;
   4          sbit DS1302_IO = P3^4;
   5          sbit DS1302_CE = P3^5;
   6          
   7          #define DS1302_SECOND 0x80 //秒写入地址
   8          #define DS1302_MINUTE 0x82
   9          #define DS1302_HOUR 0x84
  10          #define DS1302_DATE 0x86
  11          #define DS1302_MONTH 0x88
  12          #define DS1302_YEAR 0x8C
  13          #define DS1302_DAY 0x8A
  14          #define DS1302_WP 0x8E //写保护地址
  15          //为什么不定义读地址,因为待会读函数里面对位进行操作,在地址上稍微±1就能得
             -到读地址,避免大量定义
  16          
  17          char DS1302_Time[]={23,12,31,23,59,55,5};
  18          
  19          void DS1302_Init()
  20          {
  21   1              DS1302_CE = 0;
  22   1              DS1302_SCLK = 0;
  23   1      }
  24          
  25          void DS1302_WriteByte(unsigned char Command,Data)
  26          {
  27   1              unsigned char i;
  28   1              DS1302_CE = 1;
  29   1      //      DS1302_IO = Command & 0x01;
  30   1      //      DS1302_SCLK = 1;
  31   1      //      DS1302_SCLK = 0;
  32   1              
  33   1      
  34   1              for(i=0;i<8;i++)
  35   1              {
  36   2                      DS1302_IO = Command & (0x01<<i);
  37   2                      DS1302_SCLK = 1;
  38   2                      DS1302_SCLK = 0;
  39   2              }
  40   1              for(i=0;i<8;i++)
  41   1              {
  42   2                      DS1302_IO = Data & (0x01<<i);
  43   2                      DS1302_SCLK = 1;
  44   2                      DS1302_SCLK = 0;
  45   2              }
  46   1              DS1302_CE = 0;
  47   1      }
  48          
  49          
  50          unsigned char DS1302_ReadByte(unsigned char Command)
  51          {
  52   1              unsigned char i,Data=0x00;
  53   1              Command|=0x01;  //让最低位为1,这样就实现了写地址往读地址的转换
C51 COMPILER V9.54   DS1302                                                                10/21/2023 18:36:29 PAGE 2   

  54   1              DS1302_CE = 1;
  55   1              for(i=0;i<8;i++)
  56   1              {
  57   2                      DS1302_IO = Command & (0x01<<i);
  58   2                      DS1302_SCLK = 0;
  59   2                      DS1302_SCLK = 1;
  60   2              }
  61   1              for(i=0;i<8;i++)
  62   1              {
  63   2                      DS1302_SCLK = 1;
  64   2                      DS1302_SCLK = 0;
  65   2                      if(DS1302_IO)
  66   2                      {
  67   3                              Data |= (0x01<<i);
  68   3                      }
  69   2      
  70   2              }
  71   1              DS1302_CE = 0;
  72   1              DS1302_IO = 0;
  73   1              return Data;
  74   1      }
  75          
  76          void DS1302_SetTime(void)
  77          {
  78   1              DS1302_WriteByte(DS1302_WP,0x00);//解除写保护
  79   1              DS1302_WriteByte(DS1302_YEAR,DS1302_Time[0]/10*16+DS1302_Time[0]%10);   //10进制转BCD传入寄存器
  80   1              DS1302_WriteByte(DS1302_MONTH,DS1302_Time[1]/10*16+DS1302_Time[1]%10);
  81   1              DS1302_WriteByte(DS1302_DATE,DS1302_Time[2]/10*16+DS1302_Time[2]%10);
  82   1              DS1302_WriteByte(DS1302_HOUR,DS1302_Time[3]/10*16+DS1302_Time[3]%10);
  83   1              DS1302_WriteByte(DS1302_MINUTE,DS1302_Time[4]/10*16+DS1302_Time[4]%10);
  84   1              DS1302_WriteByte(DS1302_SECOND,DS1302_Time[5]/10*16+DS1302_Time[5]%10);
  85   1              DS1302_WriteByte(DS1302_DAY,DS1302_Time[6]%10);
  86   1      
  87   1              DS1302_WriteByte(DS1302_WP,0x80);//打开写保护
  88   1      }
  89          
  90          
  91          void DS1302_ReadTime(void)
  92          {
  93   1              unsigned Temp;
  94   1              Temp = DS1302_ReadByte(DS1302_YEAR);
  95   1              DS1302_Time[0] = Temp/16*10+Temp%16;
  96   1              Temp = DS1302_ReadByte(DS1302_MONTH);
  97   1              DS1302_Time[1] = Temp/16*10+Temp%16;
  98   1              Temp = DS1302_ReadByte(DS1302_DATE);
  99   1              DS1302_Time[2] = Temp/16*10+Temp%16;
 100   1              Temp = DS1302_ReadByte(DS1302_HOUR);
 101   1              DS1302_Time[3] = Temp/16*10+Temp%16;
 102   1              Temp = DS1302_ReadByte(DS1302_MINUTE);
 103   1              DS1302_Time[4] = Temp/16*10+Temp%16;
 104   1              Temp = DS1302_ReadByte(DS1302_SECOND);
 105   1              DS1302_Time[5] = Temp/16*10+Temp%16;
 106   1              Temp = DS1302_ReadByte(DS1302_DAY);
 107   1              DS1302_Time[6] = Temp%16;
 108   1      }


MODULE INFORMATION:   STATIC OVERLAYABLE
   CODE SIZE        =    708    ----
   CONSTANT SIZE    =   ----    ----
   XDATA SIZE       =   ----    ----
   PDATA SIZE       =   ----    ----
C51 COMPILER V9.54   DS1302                                                                10/21/2023 18:36:29 PAGE 3   

   DATA SIZE        =      7       2
   IDATA SIZE       =   ----    ----
   BIT SIZE         =   ----    ----
END OF MODULE INFORMATION.


C51 COMPILATION COMPLETE.  0 WARNING(S),  0 ERROR(S)
